# JRE version: Java(TM) SE Runtime Environment (11.0.1+13) (build 11.0.1+13-LTS)
# Java VM: Java HotSpot(TM) 64-Bit Server VM (11.0.1+13-LTS, mixed mode, tiered, compressed oops, g1 gc, windows-amd64)
Heap:
 garbage-first heap   total 131072K, used 58297K [0x0000000081800000, 0x0000000100000000)
  region size 1024K, 48 young (49152K), 5 survivors (5120K)
 Metaspace       used 38604K, capacity 39517K, committed 39728K, reserved 1083392K
  class space    used 4550K, capacity 4891K, committed 4992K, reserved 1048576K
GC Heap History (10 events):
Event: 6.122 GC heap before
{Heap before GC invocations=4 (full 0):
 garbage-first heap   total 131072K, used 29589K [0x0000000081800000, 0x0000000100000000)
  region size 1024K, 24 young (24576K), 2 survivors (2048K)
 Metaspace       used 17605K, capacity 17841K, committed 17920K, reserved 1064960K
  class space    used 1899K, capacity 1993K, committed 2048K, reserved 1048576K
}
Event: 6.129 GC heap after
{Heap after GC invocations=5 (full 0):
 garbage-first heap   total 131072K, used 7739K [0x0000000081800000, 0x0000000100000000)
  region size 1024K, 3 young (3072K), 3 survivors (3072K)
 Metaspace       used 17605K, capacity 17841K, committed 17920K, reserved 1064960K
  class space    used 1899K, capacity 1993K, committed 2048K, reserved 1048576K
}
Event: 6.949 GC heap before
{Heap before GC invocations=5 (full 0):
 garbage-first heap   total 131072K, used 21051K [0x0000000081800000, 0x0000000100000000)
  region size 1024K, 18 young (18432K), 3 survivors (3072K)
 Metaspace       used 20831K, capacity 21126K, committed 21296K, reserved 1069056K
  class space    used 2265K, capacity 2368K, committed 2432K, reserved 1048576K
}
Event: 6.956 GC heap after
{Heap after GC invocations=6 (full 0):
 garbage-first heap   total 131072K, used 8178K [0x0000000081800000, 0x0000000100000000)
  region size 1024K, 3 young (3072K), 3 survivors (3072K)
 Metaspace       used 20831K, capacity 21126K, committed 21296K, reserved 1069056K
  class space    used 2265K, capacity 2368K, committed 2432K, reserved 1048576K
}
Event: 11.607 GC heap before
{Heap before GC invocations=7 (full 0):
 garbage-first heap   total 131072K, used 60402K [0x0000000081800000, 0x0000000100000000)
  region size 1024K, 54 young (55296K), 3 survivors (3072K)
 Metaspace       used 29874K, capacity 30535K, committed 30768K, reserved 1077248K
  class space    used 3441K, capacity 3702K, committed 3712K, reserved 1048576K
}
Event: 11.623 GC heap after
{Heap after GC invocations=8 (full 0):
 garbage-first heap   total 131072K, used 10574K [0x0000000081800000, 0x0000000100000000)
  region size 1024K, 5 young (5120K), 5 survivors (5120K)
 Metaspace       used 29874K, capacity 30535K, committed 30768K, reserved 1077248K
  class space    used 3441K, capacity 3702K, committed 3712K, reserved 1048576K
}
Event: 17.367 GC heap before
{Heap before GC invocations=8 (full 0):
 garbage-first heap   total 131072K, used 77134K [0x0000000081800000, 0x0000000100000000)
  region size 1024K, 70 young (71680K), 5 survivors (5120K)
 Metaspace       used 33509K, capacity 34277K, committed 34352K, reserved 1079296K
  class space    used 3887K, capacity 4188K, committed 4224K, reserved 1048576K
}
Event: 17.393 GC heap after
{Heap after GC invocations=9 (full 0):
 garbage-first heap   total 131072K, used 14224K [0x0000000081800000, 0x0000000100000000)
  region size 1024K, 8 young (8192K), 8 survivors (8192K)
 Metaspace       used 33509K, capacity 34277K, committed 34352K, reserved 1079296K
  class space    used 3887K, capacity 4188K, committed 4224K, reserved 1048576K
}
Event: 18.438 GC heap before
{Heap before GC invocations=9 (full 0):
 garbage-first heap   total 131072K, used 36752K [0x0000000081800000, 0x0000000100000000)
  region size 1024K, 31 young (31744K), 8 survivors (8192K)
 Metaspace       used 34970K, capacity 35769K, committed 35888K, reserved 1081344K
  class space    used 4104K, capacity 4421K, committed 4480K, reserved 1048576K
}
Event: 18.467 GC heap after
{Heap after GC invocations=10 (full 0):
 garbage-first heap   total 131072K, used 15289K [0x0000000081800000, 0x0000000100000000)
  region size 1024K, 5 young (5120K), 5 survivors (5120K)
 Metaspace       used 34970K, capacity 35769K, committed 35888K, reserved 1081344K
  class space    used 4104K, capacity 4421K, committed 4480K, reserved 1048576K
}

